12-Aug-2023 20:45:53.477 INFO [main] org.apache.catalina.startup.VersionLoggerListener.log Server version name:   Apache Tomcat/10.1.11
12-Aug-2023 20:45:53.478 INFO [main] org.apache.catalina.startup.VersionLoggerListener.log Server built:          Jul 6 2023 13:45:39 UTC
12-Aug-2023 20:45:53.478 INFO [main] org.apache.catalina.startup.VersionLoggerListener.log Server version number: 10.1.11.0
12-Aug-2023 20:45:53.478 INFO [main] org.apache.catalina.startup.VersionLoggerListener.log OS Name:               Windows 11
12-Aug-2023 20:45:53.478 INFO [main] org.apache.catalina.startup.VersionLoggerListener.log OS Version:            10.0
12-Aug-2023 20:45:53.478 INFO [main] org.apache.catalina.startup.VersionLoggerListener.log Architecture:          amd64
12-Aug-2023 20:45:53.478 INFO [main] org.apache.catalina.startup.VersionLoggerListener.log Java Home:             C:\Program Files\Java2\jdk-20.0.1
12-Aug-2023 20:45:53.478 INFO [main] org.apache.catalina.startup.VersionLoggerListener.log JVM Version:           20.0.1+9-29
12-Aug-2023 20:45:53.478 INFO [main] org.apache.catalina.startup.VersionLoggerListener.log JVM Vendor:            Oracle Corporation
12-Aug-2023 20:45:53.478 INFO [main] org.apache.catalina.startup.VersionLoggerListener.log CATALINA_BASE:         C:\NetbeabsTomcat\apache-tomcat-10.1.11
12-Aug-2023 20:45:53.478 INFO [main] org.apache.catalina.startup.VersionLoggerListener.log CATALINA_HOME:         C:\NetbeabsTomcat\apache-tomcat-10.1.11
12-Aug-2023 20:45:53.498 INFO [main] org.apache.catalina.startup.VersionLoggerListener.log Command line argument: -Djava.util.logging.config.file=C:\NetbeabsTomcat\apache-tomcat-10.1.11\conf\logging.properties
12-Aug-2023 20:45:53.499 INFO [main] org.apache.catalina.startup.VersionLoggerListener.log Command line argument: -Djava.util.logging.manager=org.apache.juli.ClassLoaderLogManager
12-Aug-2023 20:45:53.499 INFO [main] org.apache.catalina.startup.VersionLoggerListener.log Command line argument: -Dhttp.nonProxyHosts=localhost|127.0.0.1|Uexcel
12-Aug-2023 20:45:53.499 INFO [main] org.apache.catalina.startup.VersionLoggerListener.log Command line argument: -Djdk.tls.ephemeralDHKeySize=2048
12-Aug-2023 20:45:53.500 INFO [main] org.apache.catalina.startup.VersionLoggerListener.log Command line argument: -Djava.protocol.handler.pkgs=org.apache.catalina.webresources
12-Aug-2023 20:45:53.500 INFO [main] org.apache.catalina.startup.VersionLoggerListener.log Command line argument: --add-opens=java.base/java.lang=ALL-UNNAMED
12-Aug-2023 20:45:53.500 INFO [main] org.apache.catalina.startup.VersionLoggerListener.log Command line argument: --add-opens=java.base/java.io=ALL-UNNAMED
12-Aug-2023 20:45:53.501 INFO [main] org.apache.catalina.startup.VersionLoggerListener.log Command line argument: --add-opens=java.base/java.util=ALL-UNNAMED
12-Aug-2023 20:45:53.501 INFO [main] org.apache.catalina.startup.VersionLoggerListener.log Command line argument: --add-opens=java.base/java.util.concurrent=ALL-UNNAMED
12-Aug-2023 20:45:53.501 INFO [main] org.apache.catalina.startup.VersionLoggerListener.log Command line argument: --add-opens=java.rmi/sun.rmi.transport=ALL-UNNAMED
12-Aug-2023 20:45:53.501 INFO [main] org.apache.catalina.startup.VersionLoggerListener.log Command line argument: -Dcatalina.base=C:\NetbeabsTomcat\apache-tomcat-10.1.11
12-Aug-2023 20:45:53.501 INFO [main] org.apache.catalina.startup.VersionLoggerListener.log Command line argument: -Dcatalina.home=C:\NetbeabsTomcat\apache-tomcat-10.1.11
12-Aug-2023 20:45:53.501 INFO [main] org.apache.catalina.startup.VersionLoggerListener.log Command line argument: -Djava.io.tmpdir=C:\NetbeabsTomcat\apache-tomcat-10.1.11\temp
12-Aug-2023 20:45:53.504 INFO [main] org.apache.catalina.core.AprLifecycleListener.lifecycleEvent Loaded Apache Tomcat Native library [2.0.4] using APR version [1.7.4].
12-Aug-2023 20:45:53.512 INFO [main] org.apache.catalina.core.AprLifecycleListener.initializeSSL OpenSSL successfully initialized [OpenSSL 3.0.9 30 May 2023]
12-Aug-2023 20:45:53.881 INFO [main] org.apache.coyote.AbstractProtocol.init Initializing ProtocolHandler ["http-nio-8080"]
12-Aug-2023 20:45:53.901 INFO [main] org.apache.catalina.startup.Catalina.load Server initialization in [677] milliseconds
12-Aug-2023 20:45:53.971 INFO [main] org.apache.catalina.core.StandardService.startInternal Starting service [Catalina]
12-Aug-2023 20:45:53.972 INFO [main] org.apache.catalina.core.StandardEngine.startInternal Starting Servlet engine: [Apache Tomcat/10.1.11]
12-Aug-2023 20:45:53.987 INFO [main] org.apache.catalina.startup.HostConfig.deployDirectory Deploying web application directory [C:\NetbeabsTomcat\apache-tomcat-10.1.11\webapps\docs]
12-Aug-2023 20:45:54.336 INFO [main] org.apache.catalina.startup.HostConfig.deployDirectory Deployment of web application directory [C:\NetbeabsTomcat\apache-tomcat-10.1.11\webapps\docs] has finished in [349] ms
12-Aug-2023 20:45:54.337 INFO [main] org.apache.catalina.startup.HostConfig.deployDirectory Deploying web application directory [C:\NetbeabsTomcat\apache-tomcat-10.1.11\webapps\examples]
12-Aug-2023 20:45:54.786 INFO [main] org.apache.catalina.startup.HostConfig.deployDirectory Deployment of web application directory [C:\NetbeabsTomcat\apache-tomcat-10.1.11\webapps\examples] has finished in [449] ms
12-Aug-2023 20:45:54.787 INFO [main] org.apache.catalina.startup.HostConfig.deployDirectory Deploying web application directory [C:\NetbeabsTomcat\apache-tomcat-10.1.11\webapps\host-manager]
12-Aug-2023 20:45:54.832 INFO [main] org.apache.catalina.startup.HostConfig.deployDirectory Deployment of web application directory [C:\NetbeabsTomcat\apache-tomcat-10.1.11\webapps\host-manager] has finished in [45] ms
12-Aug-2023 20:45:54.832 INFO [main] org.apache.catalina.startup.HostConfig.deployDirectory Deploying web application directory [C:\NetbeabsTomcat\apache-tomcat-10.1.11\webapps\manager]
12-Aug-2023 20:45:54.876 INFO [main] org.apache.catalina.startup.HostConfig.deployDirectory Deployment of web application directory [C:\NetbeabsTomcat\apache-tomcat-10.1.11\webapps\manager] has finished in [44] ms
12-Aug-2023 20:45:54.876 INFO [main] org.apache.catalina.startup.HostConfig.deployDirectory Deploying web application directory [C:\NetbeabsTomcat\apache-tomcat-10.1.11\webapps\ROOT]
12-Aug-2023 20:45:54.897 INFO [main] org.apache.catalina.startup.HostConfig.deployDirectory Deployment of web application directory [C:\NetbeabsTomcat\apache-tomcat-10.1.11\webapps\ROOT] has finished in [21] ms
12-Aug-2023 20:45:54.901 INFO [main] org.apache.coyote.AbstractProtocol.start Starting ProtocolHandler ["http-nio-8080"]
12-Aug-2023 20:45:54.967 INFO [main] org.apache.catalina.startup.Catalina.start Server startup in [1050] milliseconds
12-Aug-2023 20:46:08.267 INFO [http-nio-8080-exec-9] org.apache.catalina.startup.HostConfig.deployDescriptor Deploying deployment descriptor [C:\NetbeabsTomcat\apache-tomcat-10.1.11\conf\Catalina\localhost\WebApplication1.xml]
12-Aug-2023 20:46:08.272 WARNING [http-nio-8080-exec-9] org.apache.catalina.startup.HostConfig.deployDescriptor The path attribute with value [/WebApplication1] in deployment descriptor [C:\NetbeabsTomcat\apache-tomcat-10.1.11\conf\Catalina\localhost\WebApplication1.xml] has been ignored
12-Aug-2023 20:46:08.353 INFO [http-nio-8080-exec-9] org.apache.catalina.startup.HostConfig.deployDescriptor Deployment of deployment descriptor [C:\NetbeabsTomcat\apache-tomcat-10.1.11\conf\Catalina\localhost\WebApplication1.xml] has finished in [91] ms
12-Aug-2023 20:46:08.363 INFO [http-nio-8080-exec-10] org.apache.catalina.util.LifecycleBase.start The start() method was called on component [StandardEngine[Catalina].StandardHost[localhost].StandardContext[/WebApplication1]] after start() had already been called. The second call will be ignored.
12-Aug-2023 21:12:41.069 INFO [main] org.apache.catalina.core.StandardServer.await A valid shutdown command was received via the shutdown port. Stopping the Server instance.
12-Aug-2023 21:12:41.069 INFO [main] org.apache.coyote.AbstractProtocol.pause Pausing ProtocolHandler ["http-nio-8080"]
12-Aug-2023 21:12:41.083 INFO [main] org.apache.catalina.core.StandardService.stopInternal Stopping service [Catalina]
12-Aug-2023 21:12:41.113 INFO [main] org.apache.coyote.AbstractProtocol.stop Stopping ProtocolHandler ["http-nio-8080"]
12-Aug-2023 21:12:41.120 INFO [main] org.apache.coyote.AbstractProtocol.destroy Destroying ProtocolHandler ["http-nio-8080"]
12-Aug-2023 21:12:44.433 INFO [main] org.apache.catalina.startup.VersionLoggerListener.log Server version name:   Apache Tomcat/10.1.11
12-Aug-2023 21:12:44.439 INFO [main] org.apache.catalina.startup.VersionLoggerListener.log Server built:          Jul 6 2023 13:45:39 UTC
12-Aug-2023 21:12:44.439 INFO [main] org.apache.catalina.startup.VersionLoggerListener.log Server version number: 10.1.11.0
12-Aug-2023 21:12:44.439 INFO [main] org.apache.catalina.startup.VersionLoggerListener.log OS Name:               Windows 11
12-Aug-2023 21:12:44.440 INFO [main] org.apache.catalina.startup.VersionLoggerListener.log OS Version:            10.0
12-Aug-2023 21:12:44.440 INFO [main] org.apache.catalina.startup.VersionLoggerListener.log Architecture:          amd64
12-Aug-2023 21:12:44.440 INFO [main] org.apache.catalina.startup.VersionLoggerListener.log Java Home:             C:\Program Files\Java2\jdk-20.0.1
12-Aug-2023 21:12:44.440 INFO [main] org.apache.catalina.startup.VersionLoggerListener.log JVM Version:           20.0.1+9-29
12-Aug-2023 21:12:44.440 INFO [main] org.apache.catalina.startup.VersionLoggerListener.log JVM Vendor:            Oracle Corporation
12-Aug-2023 21:12:44.440 INFO [main] org.apache.catalina.startup.VersionLoggerListener.log CATALINA_BASE:         C:\NetbeabsTomcat\apache-tomcat-10.1.11
12-Aug-2023 21:12:44.440 INFO [main] org.apache.catalina.startup.VersionLoggerListener.log CATALINA_HOME:         C:\NetbeabsTomcat\apache-tomcat-10.1.11
12-Aug-2023 21:12:44.453 INFO [main] org.apache.catalina.startup.VersionLoggerListener.log Command line argument: -Djava.util.logging.config.file=C:\NetbeabsTomcat\apache-tomcat-10.1.11\conf\logging.properties
12-Aug-2023 21:12:44.454 INFO [main] org.apache.catalina.startup.VersionLoggerListener.log Command line argument: -Djava.util.logging.manager=org.apache.juli.ClassLoaderLogManager
12-Aug-2023 21:12:44.454 INFO [main] org.apache.catalina.startup.VersionLoggerListener.log Command line argument: -Dhttp.nonProxyHosts=localhost|127.0.0.1|Uexcel
12-Aug-2023 21:12:44.454 INFO [main] org.apache.catalina.startup.VersionLoggerListener.log Command line argument: -Djdk.tls.ephemeralDHKeySize=2048
12-Aug-2023 21:12:44.454 INFO [main] org.apache.catalina.startup.VersionLoggerListener.log Command line argument: -Djava.protocol.handler.pkgs=org.apache.catalina.webresources
12-Aug-2023 21:12:44.454 INFO [main] org.apache.catalina.startup.VersionLoggerListener.log Command line argument: --add-opens=java.base/java.lang=ALL-UNNAMED
12-Aug-2023 21:12:44.454 INFO [main] org.apache.catalina.startup.VersionLoggerListener.log Command line argument: --add-opens=java.base/java.io=ALL-UNNAMED
12-Aug-2023 21:12:44.454 INFO [main] org.apache.catalina.startup.VersionLoggerListener.log Command line argument: --add-opens=java.base/java.util=ALL-UNNAMED
12-Aug-2023 21:12:44.454 INFO [main] org.apache.catalina.startup.VersionLoggerListener.log Command line argument: --add-opens=java.base/java.util.concurrent=ALL-UNNAMED
12-Aug-2023 21:12:44.454 INFO [main] org.apache.catalina.startup.VersionLoggerListener.log Command line argument: --add-opens=java.rmi/sun.rmi.transport=ALL-UNNAMED
12-Aug-2023 21:12:44.454 INFO [main] org.apache.catalina.startup.VersionLoggerListener.log Command line argument: -agentlib:jdwp=transport=dt_shmem,address=tomcat_shared_memory_id,server=y,suspend=n
12-Aug-2023 21:12:44.454 INFO [main] org.apache.catalina.startup.VersionLoggerListener.log Command line argument: -Dcatalina.base=C:\NetbeabsTomcat\apache-tomcat-10.1.11
12-Aug-2023 21:12:44.454 INFO [main] org.apache.catalina.startup.VersionLoggerListener.log Command line argument: -Dcatalina.home=C:\NetbeabsTomcat\apache-tomcat-10.1.11
12-Aug-2023 21:12:44.455 INFO [main] org.apache.catalina.startup.VersionLoggerListener.log Command line argument: -Djava.io.tmpdir=C:\NetbeabsTomcat\apache-tomcat-10.1.11\temp
12-Aug-2023 21:12:44.459 INFO [main] org.apache.catalina.core.AprLifecycleListener.lifecycleEvent Loaded Apache Tomcat Native library [2.0.4] using APR version [1.7.4].
12-Aug-2023 21:12:44.467 INFO [main] org.apache.catalina.core.AprLifecycleListener.initializeSSL OpenSSL successfully initialized [OpenSSL 3.0.9 30 May 2023]
12-Aug-2023 21:12:44.864 INFO [main] org.apache.coyote.AbstractProtocol.init Initializing ProtocolHandler ["http-nio-8080"]
12-Aug-2023 21:12:44.893 INFO [main] org.apache.catalina.startup.Catalina.load Server initialization in [682] milliseconds
12-Aug-2023 21:12:44.954 INFO [main] org.apache.catalina.core.StandardService.startInternal Starting service [Catalina]
12-Aug-2023 21:12:44.954 INFO [main] org.apache.catalina.core.StandardEngine.startInternal Starting Servlet engine: [Apache Tomcat/10.1.11]
12-Aug-2023 21:12:44.977 INFO [main] org.apache.catalina.startup.HostConfig.deployDescriptor Deploying deployment descriptor [C:\NetbeabsTomcat\apache-tomcat-10.1.11\conf\Catalina\localhost\WebApplication1.xml]
12-Aug-2023 21:12:44.999 WARNING [main] org.apache.catalina.startup.HostConfig.deployDescriptor The path attribute with value [/WebApplication1] in deployment descriptor [C:\NetbeabsTomcat\apache-tomcat-10.1.11\conf\Catalina\localhost\WebApplication1.xml] has been ignored
12-Aug-2023 21:12:45.431 INFO [main] org.apache.catalina.startup.HostConfig.deployDescriptor Deployment of deployment descriptor [C:\NetbeabsTomcat\apache-tomcat-10.1.11\conf\Catalina\localhost\WebApplication1.xml] has finished in [454] ms
12-Aug-2023 21:12:45.432 INFO [main] org.apache.catalina.startup.HostConfig.deployDirectory Deploying web application directory [C:\NetbeabsTomcat\apache-tomcat-10.1.11\webapps\docs]
12-Aug-2023 21:12:45.470 INFO [main] org.apache.catalina.startup.HostConfig.deployDirectory Deployment of web application directory [C:\NetbeabsTomcat\apache-tomcat-10.1.11\webapps\docs] has finished in [37] ms
12-Aug-2023 21:12:45.470 INFO [main] org.apache.catalina.startup.HostConfig.deployDirectory Deploying web application directory [C:\NetbeabsTomcat\apache-tomcat-10.1.11\webapps\examples]
12-Aug-2023 21:12:46.050 INFO [main] org.apache.catalina.startup.HostConfig.deployDirectory Deployment of web application directory [C:\NetbeabsTomcat\apache-tomcat-10.1.11\webapps\examples] has finished in [579] ms
12-Aug-2023 21:12:46.050 INFO [main] org.apache.catalina.startup.HostConfig.deployDirectory Deploying web application directory [C:\NetbeabsTomcat\apache-tomcat-10.1.11\webapps\host-manager]
12-Aug-2023 21:12:46.107 INFO [main] org.apache.catalina.startup.HostConfig.deployDirectory Deployment of web application directory [C:\NetbeabsTomcat\apache-tomcat-10.1.11\webapps\host-manager] has finished in [51] ms
12-Aug-2023 21:12:46.107 INFO [main] org.apache.catalina.startup.HostConfig.deployDirectory Deploying web application directory [C:\NetbeabsTomcat\apache-tomcat-10.1.11\webapps\manager]
12-Aug-2023 21:12:46.167 INFO [main] org.apache.catalina.startup.HostConfig.deployDirectory Deployment of web application directory [C:\NetbeabsTomcat\apache-tomcat-10.1.11\webapps\manager] has finished in [60] ms
12-Aug-2023 21:12:46.167 INFO [main] org.apache.catalina.startup.HostConfig.deployDirectory Deploying web application directory [C:\NetbeabsTomcat\apache-tomcat-10.1.11\webapps\ROOT]
12-Aug-2023 21:12:46.201 INFO [main] org.apache.catalina.startup.HostConfig.deployDirectory Deployment of web application directory [C:\NetbeabsTomcat\apache-tomcat-10.1.11\webapps\ROOT] has finished in [34] ms
12-Aug-2023 21:12:46.209 INFO [main] org.apache.coyote.AbstractProtocol.start Starting ProtocolHandler ["http-nio-8080"]
12-Aug-2023 21:12:46.304 INFO [main] org.apache.catalina.startup.Catalina.start Server startup in [1402] milliseconds
12-Aug-2023 21:12:48.256 INFO [http-nio-8080-exec-8] org.apache.catalina.startup.HostConfig.undeploy Undeploying context [/WebApplication1]
12-Aug-2023 21:12:48.278 INFO [http-nio-8080-exec-2] org.apache.catalina.startup.HostConfig.deployDescriptor Deploying deployment descriptor [C:\NetbeabsTomcat\apache-tomcat-10.1.11\conf\Catalina\localhost\WebApplication1.xml]
12-Aug-2023 21:12:48.281 WARNING [http-nio-8080-exec-2] org.apache.catalina.startup.HostConfig.deployDescriptor The path attribute with value [/WebApplication1] in deployment descriptor [C:\NetbeabsTomcat\apache-tomcat-10.1.11\conf\Catalina\localhost\WebApplication1.xml] has been ignored
12-Aug-2023 21:12:48.332 INFO [http-nio-8080-exec-2] org.apache.catalina.startup.HostConfig.deployDescriptor Deployment of deployment descriptor [C:\NetbeabsTomcat\apache-tomcat-10.1.11\conf\Catalina\localhost\WebApplication1.xml] has finished in [54] ms
12-Aug-2023 21:12:48.337 INFO [http-nio-8080-exec-3] org.apache.catalina.util.LifecycleBase.start The start() method was called on component [StandardEngine[Catalina].StandardHost[localhost].StandardContext[/WebApplication1]] after start() had already been called. The second call will be ignored.
12-Aug-2023 21:20:47.448 INFO [main] org.apache.catalina.core.StandardServer.await A valid shutdown command was received via the shutdown port. Stopping the Server instance.
12-Aug-2023 21:20:47.448 INFO [main] org.apache.coyote.AbstractProtocol.pause Pausing ProtocolHandler ["http-nio-8080"]
12-Aug-2023 21:20:47.461 INFO [main] org.apache.catalina.core.StandardService.stopInternal Stopping service [Catalina]
12-Aug-2023 21:20:47.485 INFO [main] org.apache.coyote.AbstractProtocol.stop Stopping ProtocolHandler ["http-nio-8080"]
12-Aug-2023 21:20:47.504 INFO [main] org.apache.coyote.AbstractProtocol.destroy Destroying ProtocolHandler ["http-nio-8080"]
12-Aug-2023 21:28:29.877 INFO [main] org.apache.catalina.startup.VersionLoggerListener.log Server version name:   Apache Tomcat/10.1.11
12-Aug-2023 21:28:29.881 INFO [main] org.apache.catalina.startup.VersionLoggerListener.log Server built:          Jul 6 2023 13:45:39 UTC
12-Aug-2023 21:28:29.881 INFO [main] org.apache.catalina.startup.VersionLoggerListener.log Server version number: 10.1.11.0
12-Aug-2023 21:28:29.882 INFO [main] org.apache.catalina.startup.VersionLoggerListener.log OS Name:               Windows 11
12-Aug-2023 21:28:29.882 INFO [main] org.apache.catalina.startup.VersionLoggerListener.log OS Version:            10.0
12-Aug-2023 21:28:29.882 INFO [main] org.apache.catalina.startup.VersionLoggerListener.log Architecture:          amd64
12-Aug-2023 21:28:29.882 INFO [main] org.apache.catalina.startup.VersionLoggerListener.log Java Home:             C:\Program Files\Java2\jdk-20.0.1
12-Aug-2023 21:28:29.882 INFO [main] org.apache.catalina.startup.VersionLoggerListener.log JVM Version:           20.0.1+9-29
12-Aug-2023 21:28:29.882 INFO [main] org.apache.catalina.startup.VersionLoggerListener.log JVM Vendor:            Oracle Corporation
12-Aug-2023 21:28:29.882 INFO [main] org.apache.catalina.startup.VersionLoggerListener.log CATALINA_BASE:         C:\NetbeabsTomcat\apache-tomcat-10.1.11
12-Aug-2023 21:28:29.882 INFO [main] org.apache.catalina.startup.VersionLoggerListener.log CATALINA_HOME:         C:\NetbeabsTomcat\apache-tomcat-10.1.11
12-Aug-2023 21:28:29.894 INFO [main] org.apache.catalina.startup.VersionLoggerListener.log Command line argument: -Djava.util.logging.config.file=C:\NetbeabsTomcat\apache-tomcat-10.1.11\conf\logging.properties
12-Aug-2023 21:28:29.894 INFO [main] org.apache.catalina.startup.VersionLoggerListener.log Command line argument: -Djava.util.logging.manager=org.apache.juli.ClassLoaderLogManager
12-Aug-2023 21:28:29.895 INFO [main] org.apache.catalina.startup.VersionLoggerListener.log Command line argument: -Djdk.tls.ephemeralDHKeySize=2048
12-Aug-2023 21:28:29.895 INFO [main] org.apache.catalina.startup.VersionLoggerListener.log Command line argument: -Djava.protocol.handler.pkgs=org.apache.catalina.webresources
12-Aug-2023 21:28:29.895 INFO [main] org.apache.catalina.startup.VersionLoggerListener.log Command line argument: --add-opens=java.base/java.lang=ALL-UNNAMED
12-Aug-2023 21:28:29.895 INFO [main] org.apache.catalina.startup.VersionLoggerListener.log Command line argument: --add-opens=java.base/java.io=ALL-UNNAMED
12-Aug-2023 21:28:29.895 INFO [main] org.apache.catalina.startup.VersionLoggerListener.log Command line argument: --add-opens=java.base/java.util=ALL-UNNAMED
12-Aug-2023 21:28:29.895 INFO [main] org.apache.catalina.startup.VersionLoggerListener.log Command line argument: --add-opens=java.base/java.util.concurrent=ALL-UNNAMED
12-Aug-2023 21:28:29.895 INFO [main] org.apache.catalina.startup.VersionLoggerListener.log Command line argument: --add-opens=java.rmi/sun.rmi.transport=ALL-UNNAMED
12-Aug-2023 21:28:29.895 INFO [main] org.apache.catalina.startup.VersionLoggerListener.log Command line argument: -Dcatalina.base=C:\NetbeabsTomcat\apache-tomcat-10.1.11
12-Aug-2023 21:28:29.895 INFO [main] org.apache.catalina.startup.VersionLoggerListener.log Command line argument: -Dcatalina.home=C:\NetbeabsTomcat\apache-tomcat-10.1.11
12-Aug-2023 21:28:29.896 INFO [main] org.apache.catalina.startup.VersionLoggerListener.log Command line argument: -Djava.io.tmpdir=C:\NetbeabsTomcat\apache-tomcat-10.1.11\temp
12-Aug-2023 21:28:29.898 INFO [main] org.apache.catalina.core.AprLifecycleListener.lifecycleEvent Loaded Apache Tomcat Native library [2.0.4] using APR version [1.7.4].
12-Aug-2023 21:28:29.904 INFO [main] org.apache.catalina.core.AprLifecycleListener.initializeSSL OpenSSL successfully initialized [OpenSSL 3.0.9 30 May 2023]
12-Aug-2023 21:28:30.178 INFO [main] org.apache.coyote.AbstractProtocol.init Initializing ProtocolHandler ["http-nio-8080"]
12-Aug-2023 21:28:30.202 INFO [main] org.apache.catalina.startup.Catalina.load Server initialization in [506] milliseconds
12-Aug-2023 21:28:30.262 INFO [main] org.apache.catalina.core.StandardService.startInternal Starting service [Catalina]
12-Aug-2023 21:28:30.262 INFO [main] org.apache.catalina.core.StandardEngine.startInternal Starting Servlet engine: [Apache Tomcat/10.1.11]
12-Aug-2023 21:28:30.274 INFO [main] org.apache.catalina.startup.HostConfig.deployDescriptor Deploying deployment descriptor [C:\NetbeabsTomcat\apache-tomcat-10.1.11\conf\Catalina\localhost\WebApplication1.xml]
12-Aug-2023 21:28:30.293 WARNING [main] org.apache.catalina.startup.HostConfig.deployDescriptor The path attribute with value [/WebApplication1] in deployment descriptor [C:\NetbeabsTomcat\apache-tomcat-10.1.11\conf\Catalina\localhost\WebApplication1.xml] has been ignored
12-Aug-2023 21:28:30.651 INFO [main] org.apache.catalina.startup.HostConfig.deployDescriptor Deployment of deployment descriptor [C:\NetbeabsTomcat\apache-tomcat-10.1.11\conf\Catalina\localhost\WebApplication1.xml] has finished in [377] ms
12-Aug-2023 21:28:30.652 INFO [main] org.apache.catalina.startup.HostConfig.deployDirectory Deploying web application directory [C:\NetbeabsTomcat\apache-tomcat-10.1.11\webapps\docs]
12-Aug-2023 21:28:30.682 INFO [main] org.apache.catalina.startup.HostConfig.deployDirectory Deployment of web application directory [C:\NetbeabsTomcat\apache-tomcat-10.1.11\webapps\docs] has finished in [30] ms
12-Aug-2023 21:28:30.690 INFO [main] org.apache.catalina.startup.HostConfig.deployDirectory Deploying web application directory [C:\NetbeabsTomcat\apache-tomcat-10.1.11\webapps\examples]
12-Aug-2023 21:28:31.120 INFO [main] org.apache.catalina.startup.HostConfig.deployDirectory Deployment of web application directory [C:\NetbeabsTomcat\apache-tomcat-10.1.11\webapps\examples] has finished in [422] ms
12-Aug-2023 21:28:31.120 INFO [main] org.apache.catalina.startup.HostConfig.deployDirectory Deploying web application directory [C:\NetbeabsTomcat\apache-tomcat-10.1.11\webapps\host-manager]
12-Aug-2023 21:28:31.169 INFO [main] org.apache.catalina.startup.HostConfig.deployDirectory Deployment of web application directory [C:\NetbeabsTomcat\apache-tomcat-10.1.11\webapps\host-manager] has finished in [48] ms
12-Aug-2023 21:28:31.169 INFO [main] org.apache.catalina.startup.HostConfig.deployDirectory Deploying web application directory [C:\NetbeabsTomcat\apache-tomcat-10.1.11\webapps\manager]
12-Aug-2023 21:28:31.213 INFO [main] org.apache.catalina.startup.HostConfig.deployDirectory Deployment of web application directory [C:\NetbeabsTomcat\apache-tomcat-10.1.11\webapps\manager] has finished in [44] ms
12-Aug-2023 21:28:31.214 INFO [main] org.apache.catalina.startup.HostConfig.deployDirectory Deploying web application directory [C:\NetbeabsTomcat\apache-tomcat-10.1.11\webapps\ROOT]
12-Aug-2023 21:28:31.240 INFO [main] org.apache.catalina.startup.HostConfig.deployDirectory Deployment of web application directory [C:\NetbeabsTomcat\apache-tomcat-10.1.11\webapps\ROOT] has finished in [26] ms
12-Aug-2023 21:28:31.245 INFO [main] org.apache.coyote.AbstractProtocol.start Starting ProtocolHandler ["http-nio-8080"]
12-Aug-2023 21:28:31.323 INFO [main] org.apache.catalina.startup.Catalina.start Server startup in [1118] milliseconds
12-Aug-2023 23:01:55.884 INFO [main] org.apache.catalina.core.StandardServer.await A valid shutdown command was received via the shutdown port. Stopping the Server instance.
12-Aug-2023 23:01:55.884 INFO [main] org.apache.coyote.AbstractProtocol.pause Pausing ProtocolHandler ["http-nio-8080"]
12-Aug-2023 23:01:55.923 INFO [main] org.apache.catalina.core.StandardService.stopInternal Stopping service [Catalina]
12-Aug-2023 23:01:56.044 INFO [main] org.apache.coyote.AbstractProtocol.stop Stopping ProtocolHandler ["http-nio-8080"]
12-Aug-2023 23:01:56.090 INFO [main] org.apache.coyote.AbstractProtocol.destroy Destroying ProtocolHandler ["http-nio-8080"]
