12-Aug-2023 20:45:54.772 INFO [main] org.apache.catalina.core.ApplicationContext.log ContextListener: contextInitialized()
12-Aug-2023 20:45:54.772 INFO [main] org.apache.catalina.core.ApplicationContext.log SessionListener: contextInitialized()
12-Aug-2023 20:45:54.775 INFO [main] org.apache.catalina.core.ApplicationContext.log ContextListener: attributeAdded('StockTicker', 'async.Stockticker@757d6814')
12-Aug-2023 21:12:41.096 INFO [main] org.apache.catalina.core.ApplicationContext.log SessionListener: contextDestroyed()
12-Aug-2023 21:12:41.096 INFO [main] org.apache.catalina.core.ApplicationContext.log ContextListener: contextDestroyed()
12-Aug-2023 21:12:46.027 INFO [main] org.apache.catalina.core.ApplicationContext.log ContextListener: contextInitialized()
12-Aug-2023 21:12:46.027 INFO [main] org.apache.catalina.core.ApplicationContext.log SessionListener: contextInitialized()
12-Aug-2023 21:12:46.031 INFO [main] org.apache.catalina.core.ApplicationContext.log ContextListener: attributeAdded('StockTicker', 'async.Stockticker@1a1d3c1a')
12-Aug-2023 21:20:47.469 INFO [main] org.apache.catalina.core.ApplicationContext.log SessionListener: contextDestroyed()
12-Aug-2023 21:20:47.469 INFO [main] org.apache.catalina.core.ApplicationContext.log ContextListener: contextDestroyed()
12-Aug-2023 21:28:31.106 INFO [main] org.apache.catalina.core.ApplicationContext.log ContextListener: contextInitialized()
12-Aug-2023 21:28:31.106 INFO [main] org.apache.catalina.core.ApplicationContext.log SessionListener: contextInitialized()
12-Aug-2023 21:28:31.109 INFO [main] org.apache.catalina.core.ApplicationContext.log ContextListener: attributeAdded('StockTicker', 'async.Stockticker@7b139eab')
12-Aug-2023 21:41:56.102 SEVERE [http-nio-8080-exec-9] org.apache.catalina.core.StandardWrapperValve.invoke Servlet.service() for servlet [jsp] in context with path [/WebApplication1] threw exception [Unable to compile class for JSP: 

An error occurred at line: [17] in the jsp file: [/newjsp.jsp]
num1 cannot be resolved to a variable
14:     <body>
15:         <h1>Hello World!</h1>
16:  <%  
17:  num1 =Integer.parseInt(request.getParameter("num1"));
18:  num1 =Integer.parseInt(request.getParameter("num1"));
19:   <%=num1+num2%>
20:  %>


An error occurred at line: [18] in the jsp file: [/newjsp.jsp]
num1 cannot be resolved to a variable
15:         <h1>Hello World!</h1>
16:  <%  
17:  num1 =Integer.parseInt(request.getParameter("num1"));
18:  num1 =Integer.parseInt(request.getParameter("num1"));
19:   <%=num1+num2%>
20:  %>
21:         


An error occurred at line: [19] in the jsp file: [/newjsp.jsp]
Syntax error on token "<", invalid Expression
16:  <%  
17:  num1 =Integer.parseInt(request.getParameter("num1"));
18:  num1 =Integer.parseInt(request.getParameter("num1"));
19:   <%=num1+num2%>
20:  %>
21:         
22:     </body>


An error occurred at line: [19] in the jsp file: [/newjsp.jsp]
Syntax error, insert ":: IdentifierOrNew" to complete ReferenceExpression
16:  <%  
17:  num1 =Integer.parseInt(request.getParameter("num1"));
18:  num1 =Integer.parseInt(request.getParameter("num1"));
19:   <%=num1+num2%>
20:  %>
21:         
22:     </body>


An error occurred at line: [19] in the jsp file: [/newjsp.jsp]
Syntax error, insert ";" to complete Statement
16:  <%  
17:  num1 =Integer.parseInt(request.getParameter("num1"));
18:  num1 =Integer.parseInt(request.getParameter("num1"));
19:   <%=num1+num2%>
20:  %>
21:         
22:     </body>


Stacktrace:] with root cause
	org.apache.jasper.JasperException: Unable to compile class for JSP: 

An error occurred at line: [17] in the jsp file: [/newjsp.jsp]
num1 cannot be resolved to a variable
14:     <body>
15:         <h1>Hello World!</h1>
16:  <%  
17:  num1 =Integer.parseInt(request.getParameter("num1"));
18:  num1 =Integer.parseInt(request.getParameter("num1"));
19:   <%=num1+num2%>
20:  %>


An error occurred at line: [18] in the jsp file: [/newjsp.jsp]
num1 cannot be resolved to a variable
15:         <h1>Hello World!</h1>
16:  <%  
17:  num1 =Integer.parseInt(request.getParameter("num1"));
18:  num1 =Integer.parseInt(request.getParameter("num1"));
19:   <%=num1+num2%>
20:  %>
21:         


An error occurred at line: [19] in the jsp file: [/newjsp.jsp]
Syntax error on token "<", invalid Expression
16:  <%  
17:  num1 =Integer.parseInt(request.getParameter("num1"));
18:  num1 =Integer.parseInt(request.getParameter("num1"));
19:   <%=num1+num2%>
20:  %>
21:         
22:     </body>


An error occurred at line: [19] in the jsp file: [/newjsp.jsp]
Syntax error, insert ":: IdentifierOrNew" to complete ReferenceExpression
16:  <%  
17:  num1 =Integer.parseInt(request.getParameter("num1"));
18:  num1 =Integer.parseInt(request.getParameter("num1"));
19:   <%=num1+num2%>
20:  %>
21:         
22:     </body>


An error occurred at line: [19] in the jsp file: [/newjsp.jsp]
Syntax error, insert ";" to complete Statement
16:  <%  
17:  num1 =Integer.parseInt(request.getParameter("num1"));
18:  num1 =Integer.parseInt(request.getParameter("num1"));
19:   <%=num1+num2%>
20:  %>
21:         
22:     </body>


Stacktrace:
		at org.apache.jasper.compiler.DefaultErrorHandler.javacError(DefaultErrorHandler.java:102)
		at org.apache.jasper.compiler.ErrorDispatcher.javacError(ErrorDispatcher.java:213)
		at org.apache.jasper.compiler.JDTCompiler.generateClass(JDTCompiler.java:513)
		at org.apache.jasper.compiler.Compiler.compile(Compiler.java:402)
		at org.apache.jasper.compiler.Compiler.compile(Compiler.java:372)
		at org.apache.jasper.compiler.Compiler.compile(Compiler.java:356)
		at org.apache.jasper.JspCompilationContext.compile(JspCompilationContext.java:603)
		at org.apache.jasper.servlet.JspServletWrapper.service(JspServletWrapper.java:396)
		at org.apache.jasper.servlet.JspServlet.serviceJspFile(JspServlet.java:380)
		at org.apache.jasper.servlet.JspServlet.service(JspServlet.java:328)
		at jakarta.servlet.http.HttpServlet.service(HttpServlet.java:658)
		at org.apache.catalina.core.ApplicationFilterChain.internalDoFilter(ApplicationFilterChain.java:205)
		at org.apache.catalina.core.ApplicationFilterChain.doFilter(ApplicationFilterChain.java:149)
		at org.apache.tomcat.websocket.server.WsFilter.doFilter(WsFilter.java:51)
		at org.apache.catalina.core.ApplicationFilterChain.internalDoFilter(ApplicationFilterChain.java:174)
		at org.apache.catalina.core.ApplicationFilterChain.doFilter(ApplicationFilterChain.java:149)
		at org.apache.catalina.core.StandardWrapperValve.invoke(StandardWrapperValve.java:166)
		at org.apache.catalina.core.StandardContextValve.invoke(StandardContextValve.java:90)
		at org.apache.catalina.authenticator.AuthenticatorBase.invoke(AuthenticatorBase.java:482)
		at org.apache.catalina.core.StandardHostValve.invoke(StandardHostValve.java:115)
		at org.apache.catalina.valves.ErrorReportValve.invoke(ErrorReportValve.java:93)
		at org.apache.catalina.valves.AbstractAccessLogValve.invoke(AbstractAccessLogValve.java:676)
		at org.apache.catalina.core.StandardEngineValve.invoke(StandardEngineValve.java:74)
		at org.apache.catalina.connector.CoyoteAdapter.service(CoyoteAdapter.java:341)
		at org.apache.coyote.http11.Http11Processor.service(Http11Processor.java:391)
		at org.apache.coyote.AbstractProcessorLight.process(AbstractProcessorLight.java:63)
		at org.apache.coyote.AbstractProtocol$ConnectionHandler.process(AbstractProtocol.java:894)
		at org.apache.tomcat.util.net.NioEndpoint$SocketProcessor.doRun(NioEndpoint.java:1740)
		at org.apache.tomcat.util.net.SocketProcessorBase.run(SocketProcessorBase.java:52)
		at org.apache.tomcat.util.threads.ThreadPoolExecutor.runWorker(ThreadPoolExecutor.java:1191)
		at org.apache.tomcat.util.threads.ThreadPoolExecutor$Worker.run(ThreadPoolExecutor.java:659)
		at org.apache.tomcat.util.threads.TaskThread$WrappingRunnable.run(TaskThread.java:61)
		at java.base/java.lang.Thread.run(Thread.java:1623)
12-Aug-2023 21:42:48.933 SEVERE [http-nio-8080-exec-9] org.apache.catalina.core.StandardWrapperValve.invoke Servlet.service() for servlet [jsp] in context with path [/WebApplication1] threw exception [Unable to compile class for JSP: 

An error occurred at line: [17] in the jsp file: [/newjsp.jsp]
num1 cannot be resolved to a variable
14:     <body>
15:         <h1>Hello World!</h1>
16:  <%  
17:    num1 =Integer.parseInt(request.getParameter("num1"));
18:    num2 =Integer.parseInt(request.getParameter("num1"));
19:   <%=num1+num2%>
20:  %>


An error occurred at line: [18] in the jsp file: [/newjsp.jsp]
num2 cannot be resolved to a variable
15:         <h1>Hello World!</h1>
16:  <%  
17:    num1 =Integer.parseInt(request.getParameter("num1"));
18:    num2 =Integer.parseInt(request.getParameter("num1"));
19:   <%=num1+num2%>
20:  %>
21:         


An error occurred at line: [19] in the jsp file: [/newjsp.jsp]
Syntax error on token "<", invalid Expression
16:  <%  
17:    num1 =Integer.parseInt(request.getParameter("num1"));
18:    num2 =Integer.parseInt(request.getParameter("num1"));
19:   <%=num1+num2%>
20:  %>
21:         
22:     </body>


An error occurred at line: [19] in the jsp file: [/newjsp.jsp]
Syntax error, insert ":: IdentifierOrNew" to complete ReferenceExpression
16:  <%  
17:    num1 =Integer.parseInt(request.getParameter("num1"));
18:    num2 =Integer.parseInt(request.getParameter("num1"));
19:   <%=num1+num2%>
20:  %>
21:         
22:     </body>


An error occurred at line: [19] in the jsp file: [/newjsp.jsp]
Syntax error, insert ";" to complete Statement
16:  <%  
17:    num1 =Integer.parseInt(request.getParameter("num1"));
18:    num2 =Integer.parseInt(request.getParameter("num1"));
19:   <%=num1+num2%>
20:  %>
21:         
22:     </body>


Stacktrace:] with root cause
	org.apache.jasper.JasperException: Unable to compile class for JSP: 

An error occurred at line: [17] in the jsp file: [/newjsp.jsp]
num1 cannot be resolved to a variable
14:     <body>
15:         <h1>Hello World!</h1>
16:  <%  
17:    num1 =Integer.parseInt(request.getParameter("num1"));
18:    num2 =Integer.parseInt(request.getParameter("num1"));
19:   <%=num1+num2%>
20:  %>


An error occurred at line: [18] in the jsp file: [/newjsp.jsp]
num2 cannot be resolved to a variable
15:         <h1>Hello World!</h1>
16:  <%  
17:    num1 =Integer.parseInt(request.getParameter("num1"));
18:    num2 =Integer.parseInt(request.getParameter("num1"));
19:   <%=num1+num2%>
20:  %>
21:         


An error occurred at line: [19] in the jsp file: [/newjsp.jsp]
Syntax error on token "<", invalid Expression
16:  <%  
17:    num1 =Integer.parseInt(request.getParameter("num1"));
18:    num2 =Integer.parseInt(request.getParameter("num1"));
19:   <%=num1+num2%>
20:  %>
21:         
22:     </body>


An error occurred at line: [19] in the jsp file: [/newjsp.jsp]
Syntax error, insert ":: IdentifierOrNew" to complete ReferenceExpression
16:  <%  
17:    num1 =Integer.parseInt(request.getParameter("num1"));
18:    num2 =Integer.parseInt(request.getParameter("num1"));
19:   <%=num1+num2%>
20:  %>
21:         
22:     </body>


An error occurred at line: [19] in the jsp file: [/newjsp.jsp]
Syntax error, insert ";" to complete Statement
16:  <%  
17:    num1 =Integer.parseInt(request.getParameter("num1"));
18:    num2 =Integer.parseInt(request.getParameter("num1"));
19:   <%=num1+num2%>
20:  %>
21:         
22:     </body>


Stacktrace:
		at org.apache.jasper.compiler.DefaultErrorHandler.javacError(DefaultErrorHandler.java:102)
		at org.apache.jasper.compiler.ErrorDispatcher.javacError(ErrorDispatcher.java:213)
		at org.apache.jasper.compiler.JDTCompiler.generateClass(JDTCompiler.java:513)
		at org.apache.jasper.compiler.Compiler.compile(Compiler.java:402)
		at org.apache.jasper.compiler.Compiler.compile(Compiler.java:372)
		at org.apache.jasper.compiler.Compiler.compile(Compiler.java:356)
		at org.apache.jasper.JspCompilationContext.compile(JspCompilationContext.java:603)
		at org.apache.jasper.servlet.JspServletWrapper.service(JspServletWrapper.java:396)
		at org.apache.jasper.servlet.JspServlet.serviceJspFile(JspServlet.java:380)
		at org.apache.jasper.servlet.JspServlet.service(JspServlet.java:328)
		at jakarta.servlet.http.HttpServlet.service(HttpServlet.java:658)
		at org.apache.catalina.core.ApplicationFilterChain.internalDoFilter(ApplicationFilterChain.java:205)
		at org.apache.catalina.core.ApplicationFilterChain.doFilter(ApplicationFilterChain.java:149)
		at org.apache.tomcat.websocket.server.WsFilter.doFilter(WsFilter.java:51)
		at org.apache.catalina.core.ApplicationFilterChain.internalDoFilter(ApplicationFilterChain.java:174)
		at org.apache.catalina.core.ApplicationFilterChain.doFilter(ApplicationFilterChain.java:149)
		at org.apache.catalina.core.StandardWrapperValve.invoke(StandardWrapperValve.java:166)
		at org.apache.catalina.core.StandardContextValve.invoke(StandardContextValve.java:90)
		at org.apache.catalina.authenticator.AuthenticatorBase.invoke(AuthenticatorBase.java:482)
		at org.apache.catalina.core.StandardHostValve.invoke(StandardHostValve.java:115)
		at org.apache.catalina.valves.ErrorReportValve.invoke(ErrorReportValve.java:93)
		at org.apache.catalina.valves.AbstractAccessLogValve.invoke(AbstractAccessLogValve.java:676)
		at org.apache.catalina.core.StandardEngineValve.invoke(StandardEngineValve.java:74)
		at org.apache.catalina.connector.CoyoteAdapter.service(CoyoteAdapter.java:341)
		at org.apache.coyote.http11.Http11Processor.service(Http11Processor.java:391)
		at org.apache.coyote.AbstractProcessorLight.process(AbstractProcessorLight.java:63)
		at org.apache.coyote.AbstractProtocol$ConnectionHandler.process(AbstractProtocol.java:894)
		at org.apache.tomcat.util.net.NioEndpoint$SocketProcessor.doRun(NioEndpoint.java:1740)
		at org.apache.tomcat.util.net.SocketProcessorBase.run(SocketProcessorBase.java:52)
		at org.apache.tomcat.util.threads.ThreadPoolExecutor.runWorker(ThreadPoolExecutor.java:1191)
		at org.apache.tomcat.util.threads.ThreadPoolExecutor$Worker.run(ThreadPoolExecutor.java:659)
		at org.apache.tomcat.util.threads.TaskThread$WrappingRunnable.run(TaskThread.java:61)
		at java.base/java.lang.Thread.run(Thread.java:1623)
12-Aug-2023 21:44:43.501 SEVERE [http-nio-8080-exec-10] org.apache.catalina.core.StandardWrapperValve.invoke Servlet.service() for servlet [jsp] in context with path [/WebApplication1] threw exception [Unable to compile class for JSP: 

An error occurred at line: [19] in the jsp file: [/newjsp.jsp]
Syntax error on token "<", invalid Expression
16: <%  
17:   int  num1 =Integer.parseInt(request.getParameter("num1"));
18:    int num2 =Integer.parseInt(request.getParameter("num2"));
19:   <%=num1+num2%>
20: %>
21: 
22:         


An error occurred at line: [19] in the jsp file: [/newjsp.jsp]
Syntax error, insert ":: IdentifierOrNew" to complete ReferenceExpression
16: <%  
17:   int  num1 =Integer.parseInt(request.getParameter("num1"));
18:    int num2 =Integer.parseInt(request.getParameter("num2"));
19:   <%=num1+num2%>
20: %>
21: 
22:         


An error occurred at line: [19] in the jsp file: [/newjsp.jsp]
Syntax error, insert ";" to complete Statement
16: <%  
17:   int  num1 =Integer.parseInt(request.getParameter("num1"));
18:    int num2 =Integer.parseInt(request.getParameter("num2"));
19:   <%=num1+num2%>
20: %>
21: 
22:         


Stacktrace:] with root cause
	org.apache.jasper.JasperException: Unable to compile class for JSP: 

An error occurred at line: [19] in the jsp file: [/newjsp.jsp]
Syntax error on token "<", invalid Expression
16: <%  
17:   int  num1 =Integer.parseInt(request.getParameter("num1"));
18:    int num2 =Integer.parseInt(request.getParameter("num2"));
19:   <%=num1+num2%>
20: %>
21: 
22:         


An error occurred at line: [19] in the jsp file: [/newjsp.jsp]
Syntax error, insert ":: IdentifierOrNew" to complete ReferenceExpression
16: <%  
17:   int  num1 =Integer.parseInt(request.getParameter("num1"));
18:    int num2 =Integer.parseInt(request.getParameter("num2"));
19:   <%=num1+num2%>
20: %>
21: 
22:         


An error occurred at line: [19] in the jsp file: [/newjsp.jsp]
Syntax error, insert ";" to complete Statement
16: <%  
17:   int  num1 =Integer.parseInt(request.getParameter("num1"));
18:    int num2 =Integer.parseInt(request.getParameter("num2"));
19:   <%=num1+num2%>
20: %>
21: 
22:         


Stacktrace:
		at org.apache.jasper.compiler.DefaultErrorHandler.javacError(DefaultErrorHandler.java:102)
		at org.apache.jasper.compiler.ErrorDispatcher.javacError(ErrorDispatcher.java:213)
		at org.apache.jasper.compiler.JDTCompiler.generateClass(JDTCompiler.java:513)
		at org.apache.jasper.compiler.Compiler.compile(Compiler.java:402)
		at org.apache.jasper.compiler.Compiler.compile(Compiler.java:372)
		at org.apache.jasper.compiler.Compiler.compile(Compiler.java:356)
		at org.apache.jasper.JspCompilationContext.compile(JspCompilationContext.java:603)
		at org.apache.jasper.servlet.JspServletWrapper.service(JspServletWrapper.java:396)
		at org.apache.jasper.servlet.JspServlet.serviceJspFile(JspServlet.java:380)
		at org.apache.jasper.servlet.JspServlet.service(JspServlet.java:328)
		at jakarta.servlet.http.HttpServlet.service(HttpServlet.java:658)
		at org.apache.catalina.core.ApplicationFilterChain.internalDoFilter(ApplicationFilterChain.java:205)
		at org.apache.catalina.core.ApplicationFilterChain.doFilter(ApplicationFilterChain.java:149)
		at org.apache.tomcat.websocket.server.WsFilter.doFilter(WsFilter.java:51)
		at org.apache.catalina.core.ApplicationFilterChain.internalDoFilter(ApplicationFilterChain.java:174)
		at org.apache.catalina.core.ApplicationFilterChain.doFilter(ApplicationFilterChain.java:149)
		at org.apache.catalina.core.StandardWrapperValve.invoke(StandardWrapperValve.java:166)
		at org.apache.catalina.core.StandardContextValve.invoke(StandardContextValve.java:90)
		at org.apache.catalina.authenticator.AuthenticatorBase.invoke(AuthenticatorBase.java:482)
		at org.apache.catalina.core.StandardHostValve.invoke(StandardHostValve.java:115)
		at org.apache.catalina.valves.ErrorReportValve.invoke(ErrorReportValve.java:93)
		at org.apache.catalina.valves.AbstractAccessLogValve.invoke(AbstractAccessLogValve.java:676)
		at org.apache.catalina.core.StandardEngineValve.invoke(StandardEngineValve.java:74)
		at org.apache.catalina.connector.CoyoteAdapter.service(CoyoteAdapter.java:341)
		at org.apache.coyote.http11.Http11Processor.service(Http11Processor.java:391)
		at org.apache.coyote.AbstractProcessorLight.process(AbstractProcessorLight.java:63)
		at org.apache.coyote.AbstractProtocol$ConnectionHandler.process(AbstractProtocol.java:894)
		at org.apache.tomcat.util.net.NioEndpoint$SocketProcessor.doRun(NioEndpoint.java:1740)
		at org.apache.tomcat.util.net.SocketProcessorBase.run(SocketProcessorBase.java:52)
		at org.apache.tomcat.util.threads.ThreadPoolExecutor.runWorker(ThreadPoolExecutor.java:1191)
		at org.apache.tomcat.util.threads.ThreadPoolExecutor$Worker.run(ThreadPoolExecutor.java:659)
		at org.apache.tomcat.util.threads.TaskThread$WrappingRunnable.run(TaskThread.java:61)
		at java.base/java.lang.Thread.run(Thread.java:1623)
12-Aug-2023 21:47:00.443 SEVERE [http-nio-8080-exec-5] org.apache.catalina.core.StandardWrapperValve.invoke Servlet.service() for servlet [jsp] in context with path [/WebApplication1] threw exception [Unable to compile class for JSP: 

An error occurred at line: [19] in the jsp file: [/newjsp.jsp]
Syntax error on token "<", invalid Expression
16: <%  
17:    int  num1 =Integer.parseInt(request.getParameter("num1"));
18:    int num2 =Integer.parseInt(request.getParameter("num2"));
19:   <%= num1+num2 %>
20: %>
21: 
22:         


An error occurred at line: [19] in the jsp file: [/newjsp.jsp]
Syntax error, insert ":: IdentifierOrNew" to complete ReferenceExpression
16: <%  
17:    int  num1 =Integer.parseInt(request.getParameter("num1"));
18:    int num2 =Integer.parseInt(request.getParameter("num2"));
19:   <%= num1+num2 %>
20: %>
21: 
22:         


An error occurred at line: [19] in the jsp file: [/newjsp.jsp]
Syntax error, insert ";" to complete Statement
16: <%  
17:    int  num1 =Integer.parseInt(request.getParameter("num1"));
18:    int num2 =Integer.parseInt(request.getParameter("num2"));
19:   <%= num1+num2 %>
20: %>
21: 
22:         


Stacktrace:] with root cause
	org.apache.jasper.JasperException: Unable to compile class for JSP: 

An error occurred at line: [19] in the jsp file: [/newjsp.jsp]
Syntax error on token "<", invalid Expression
16: <%  
17:    int  num1 =Integer.parseInt(request.getParameter("num1"));
18:    int num2 =Integer.parseInt(request.getParameter("num2"));
19:   <%= num1+num2 %>
20: %>
21: 
22:         


An error occurred at line: [19] in the jsp file: [/newjsp.jsp]
Syntax error, insert ":: IdentifierOrNew" to complete ReferenceExpression
16: <%  
17:    int  num1 =Integer.parseInt(request.getParameter("num1"));
18:    int num2 =Integer.parseInt(request.getParameter("num2"));
19:   <%= num1+num2 %>
20: %>
21: 
22:         


An error occurred at line: [19] in the jsp file: [/newjsp.jsp]
Syntax error, insert ";" to complete Statement
16: <%  
17:    int  num1 =Integer.parseInt(request.getParameter("num1"));
18:    int num2 =Integer.parseInt(request.getParameter("num2"));
19:   <%= num1+num2 %>
20: %>
21: 
22:         


Stacktrace:
		at org.apache.jasper.compiler.DefaultErrorHandler.javacError(DefaultErrorHandler.java:102)
		at org.apache.jasper.compiler.ErrorDispatcher.javacError(ErrorDispatcher.java:213)
		at org.apache.jasper.compiler.JDTCompiler.generateClass(JDTCompiler.java:513)
		at org.apache.jasper.compiler.Compiler.compile(Compiler.java:402)
		at org.apache.jasper.compiler.Compiler.compile(Compiler.java:372)
		at org.apache.jasper.compiler.Compiler.compile(Compiler.java:356)
		at org.apache.jasper.JspCompilationContext.compile(JspCompilationContext.java:603)
		at org.apache.jasper.servlet.JspServletWrapper.service(JspServletWrapper.java:396)
		at org.apache.jasper.servlet.JspServlet.serviceJspFile(JspServlet.java:380)
		at org.apache.jasper.servlet.JspServlet.service(JspServlet.java:328)
		at jakarta.servlet.http.HttpServlet.service(HttpServlet.java:658)
		at org.apache.catalina.core.ApplicationFilterChain.internalDoFilter(ApplicationFilterChain.java:205)
		at org.apache.catalina.core.ApplicationFilterChain.doFilter(ApplicationFilterChain.java:149)
		at org.apache.tomcat.websocket.server.WsFilter.doFilter(WsFilter.java:51)
		at org.apache.catalina.core.ApplicationFilterChain.internalDoFilter(ApplicationFilterChain.java:174)
		at org.apache.catalina.core.ApplicationFilterChain.doFilter(ApplicationFilterChain.java:149)
		at org.apache.catalina.core.StandardWrapperValve.invoke(StandardWrapperValve.java:166)
		at org.apache.catalina.core.StandardContextValve.invoke(StandardContextValve.java:90)
		at org.apache.catalina.authenticator.AuthenticatorBase.invoke(AuthenticatorBase.java:482)
		at org.apache.catalina.core.StandardHostValve.invoke(StandardHostValve.java:115)
		at org.apache.catalina.valves.ErrorReportValve.invoke(ErrorReportValve.java:93)
		at org.apache.catalina.valves.AbstractAccessLogValve.invoke(AbstractAccessLogValve.java:676)
		at org.apache.catalina.core.StandardEngineValve.invoke(StandardEngineValve.java:74)
		at org.apache.catalina.connector.CoyoteAdapter.service(CoyoteAdapter.java:341)
		at org.apache.coyote.http11.Http11Processor.service(Http11Processor.java:391)
		at org.apache.coyote.AbstractProcessorLight.process(AbstractProcessorLight.java:63)
		at org.apache.coyote.AbstractProtocol$ConnectionHandler.process(AbstractProtocol.java:894)
		at org.apache.tomcat.util.net.NioEndpoint$SocketProcessor.doRun(NioEndpoint.java:1740)
		at org.apache.tomcat.util.net.SocketProcessorBase.run(SocketProcessorBase.java:52)
		at org.apache.tomcat.util.threads.ThreadPoolExecutor.runWorker(ThreadPoolExecutor.java:1191)
		at org.apache.tomcat.util.threads.ThreadPoolExecutor$Worker.run(ThreadPoolExecutor.java:659)
		at org.apache.tomcat.util.threads.TaskThread$WrappingRunnable.run(TaskThread.java:61)
		at java.base/java.lang.Thread.run(Thread.java:1623)
12-Aug-2023 21:49:20.263 SEVERE [http-nio-8080-exec-6] org.apache.catalina.core.StandardWrapperValve.invoke Servlet.service() for servlet [jsp] in context with path [/WebApplication1] threw exception [Unable to compile class for JSP: 

An error occurred at line: [19] in the jsp file: [/newjsp.jsp]
Syntax error on token "<", invalid Expression
16: <%  
17:    int  num1 =Integer.parseInt(request.getParameter("num1"));
18:    int num2 = Integer.parseInt(request.getParameter("num2"));
19: <%=num1+num2%>
20: %>
21: 
22: 


An error occurred at line: [19] in the jsp file: [/newjsp.jsp]
Syntax error, insert ":: IdentifierOrNew" to complete ReferenceExpression
16: <%  
17:    int  num1 =Integer.parseInt(request.getParameter("num1"));
18:    int num2 = Integer.parseInt(request.getParameter("num2"));
19: <%=num1+num2%>
20: %>
21: 
22: 


An error occurred at line: [19] in the jsp file: [/newjsp.jsp]
Syntax error, insert ";" to complete Statement
16: <%  
17:    int  num1 =Integer.parseInt(request.getParameter("num1"));
18:    int num2 = Integer.parseInt(request.getParameter("num2"));
19: <%=num1+num2%>
20: %>
21: 
22: 


Stacktrace:] with root cause
	org.apache.jasper.JasperException: Unable to compile class for JSP: 

An error occurred at line: [19] in the jsp file: [/newjsp.jsp]
Syntax error on token "<", invalid Expression
16: <%  
17:    int  num1 =Integer.parseInt(request.getParameter("num1"));
18:    int num2 = Integer.parseInt(request.getParameter("num2"));
19: <%=num1+num2%>
20: %>
21: 
22: 


An error occurred at line: [19] in the jsp file: [/newjsp.jsp]
Syntax error, insert ":: IdentifierOrNew" to complete ReferenceExpression
16: <%  
17:    int  num1 =Integer.parseInt(request.getParameter("num1"));
18:    int num2 = Integer.parseInt(request.getParameter("num2"));
19: <%=num1+num2%>
20: %>
21: 
22: 


An error occurred at line: [19] in the jsp file: [/newjsp.jsp]
Syntax error, insert ";" to complete Statement
16: <%  
17:    int  num1 =Integer.parseInt(request.getParameter("num1"));
18:    int num2 = Integer.parseInt(request.getParameter("num2"));
19: <%=num1+num2%>
20: %>
21: 
22: 


Stacktrace:
		at org.apache.jasper.compiler.DefaultErrorHandler.javacError(DefaultErrorHandler.java:102)
		at org.apache.jasper.compiler.ErrorDispatcher.javacError(ErrorDispatcher.java:213)
		at org.apache.jasper.compiler.JDTCompiler.generateClass(JDTCompiler.java:513)
		at org.apache.jasper.compiler.Compiler.compile(Compiler.java:402)
		at org.apache.jasper.compiler.Compiler.compile(Compiler.java:372)
		at org.apache.jasper.compiler.Compiler.compile(Compiler.java:356)
		at org.apache.jasper.JspCompilationContext.compile(JspCompilationContext.java:603)
		at org.apache.jasper.servlet.JspServletWrapper.service(JspServletWrapper.java:396)
		at org.apache.jasper.servlet.JspServlet.serviceJspFile(JspServlet.java:380)
		at org.apache.jasper.servlet.JspServlet.service(JspServlet.java:328)
		at jakarta.servlet.http.HttpServlet.service(HttpServlet.java:658)
		at org.apache.catalina.core.ApplicationFilterChain.internalDoFilter(ApplicationFilterChain.java:205)
		at org.apache.catalina.core.ApplicationFilterChain.doFilter(ApplicationFilterChain.java:149)
		at org.apache.tomcat.websocket.server.WsFilter.doFilter(WsFilter.java:51)
		at org.apache.catalina.core.ApplicationFilterChain.internalDoFilter(ApplicationFilterChain.java:174)
		at org.apache.catalina.core.ApplicationFilterChain.doFilter(ApplicationFilterChain.java:149)
		at org.apache.catalina.core.StandardWrapperValve.invoke(StandardWrapperValve.java:166)
		at org.apache.catalina.core.StandardContextValve.invoke(StandardContextValve.java:90)
		at org.apache.catalina.authenticator.AuthenticatorBase.invoke(AuthenticatorBase.java:482)
		at org.apache.catalina.core.StandardHostValve.invoke(StandardHostValve.java:115)
		at org.apache.catalina.valves.ErrorReportValve.invoke(ErrorReportValve.java:93)
		at org.apache.catalina.valves.AbstractAccessLogValve.invoke(AbstractAccessLogValve.java:676)
		at org.apache.catalina.core.StandardEngineValve.invoke(StandardEngineValve.java:74)
		at org.apache.catalina.connector.CoyoteAdapter.service(CoyoteAdapter.java:341)
		at org.apache.coyote.http11.Http11Processor.service(Http11Processor.java:391)
		at org.apache.coyote.AbstractProcessorLight.process(AbstractProcessorLight.java:63)
		at org.apache.coyote.AbstractProtocol$ConnectionHandler.process(AbstractProtocol.java:894)
		at org.apache.tomcat.util.net.NioEndpoint$SocketProcessor.doRun(NioEndpoint.java:1740)
		at org.apache.tomcat.util.net.SocketProcessorBase.run(SocketProcessorBase.java:52)
		at org.apache.tomcat.util.threads.ThreadPoolExecutor.runWorker(ThreadPoolExecutor.java:1191)
		at org.apache.tomcat.util.threads.ThreadPoolExecutor$Worker.run(ThreadPoolExecutor.java:659)
		at org.apache.tomcat.util.threads.TaskThread$WrappingRunnable.run(TaskThread.java:61)
		at java.base/java.lang.Thread.run(Thread.java:1623)
12-Aug-2023 22:16:50.993 SEVERE [http-nio-8080-exec-7] org.apache.catalina.core.StandardWrapperValve.invoke Servlet.service() for servlet [jsp] in context with path [/WebApplication1] threw exception [/newjsp.jsp (line: [21], column: [9]) Unterminated [&lt;%@ page] tag] with root cause
	org.apache.jasper.JasperException: /newjsp.jsp (line: [21], column: [9]) Unterminated [&lt;%@ page] tag
		at org.apache.jasper.compiler.DefaultErrorHandler.jspError(DefaultErrorHandler.java:41)
		at org.apache.jasper.compiler.ErrorDispatcher.dispatch(ErrorDispatcher.java:292)
		at org.apache.jasper.compiler.ErrorDispatcher.jspError(ErrorDispatcher.java:98)
		at org.apache.jasper.compiler.Parser.parseDirective(Parser.java:515)
		at org.apache.jasper.compiler.Parser.parseFileDirectives(Parser.java:1796)
		at org.apache.jasper.compiler.Parser.parse(Parser.java:135)
		at org.apache.jasper.compiler.ParserController.doParse(ParserController.java:245)
		at org.apache.jasper.compiler.ParserController.parseDirectives(ParserController.java:128)
		at org.apache.jasper.compiler.Compiler.generateJava(Compiler.java:207)
		at org.apache.jasper.compiler.Compiler.compile(Compiler.java:396)
		at org.apache.jasper.compiler.Compiler.compile(Compiler.java:372)
		at org.apache.jasper.compiler.Compiler.compile(Compiler.java:356)
		at org.apache.jasper.JspCompilationContext.compile(JspCompilationContext.java:603)
		at org.apache.jasper.servlet.JspServletWrapper.service(JspServletWrapper.java:396)
		at org.apache.jasper.servlet.JspServlet.serviceJspFile(JspServlet.java:380)
		at org.apache.jasper.servlet.JspServlet.service(JspServlet.java:328)
		at jakarta.servlet.http.HttpServlet.service(HttpServlet.java:658)
		at org.apache.catalina.core.ApplicationFilterChain.internalDoFilter(ApplicationFilterChain.java:205)
		at org.apache.catalina.core.ApplicationFilterChain.doFilter(ApplicationFilterChain.java:149)
		at org.apache.tomcat.websocket.server.WsFilter.doFilter(WsFilter.java:51)
		at org.apache.catalina.core.ApplicationFilterChain.internalDoFilter(ApplicationFilterChain.java:174)
		at org.apache.catalina.core.ApplicationFilterChain.doFilter(ApplicationFilterChain.java:149)
		at org.apache.catalina.core.StandardWrapperValve.invoke(StandardWrapperValve.java:166)
		at org.apache.catalina.core.StandardContextValve.invoke(StandardContextValve.java:90)
		at org.apache.catalina.authenticator.AuthenticatorBase.invoke(AuthenticatorBase.java:482)
		at org.apache.catalina.core.StandardHostValve.invoke(StandardHostValve.java:115)
		at org.apache.catalina.valves.ErrorReportValve.invoke(ErrorReportValve.java:93)
		at org.apache.catalina.valves.AbstractAccessLogValve.invoke(AbstractAccessLogValve.java:676)
		at org.apache.catalina.core.StandardEngineValve.invoke(StandardEngineValve.java:74)
		at org.apache.catalina.connector.CoyoteAdapter.service(CoyoteAdapter.java:341)
		at org.apache.coyote.http11.Http11Processor.service(Http11Processor.java:391)
		at org.apache.coyote.AbstractProcessorLight.process(AbstractProcessorLight.java:63)
		at org.apache.coyote.AbstractProtocol$ConnectionHandler.process(AbstractProtocol.java:894)
		at org.apache.tomcat.util.net.NioEndpoint$SocketProcessor.doRun(NioEndpoint.java:1740)
		at org.apache.tomcat.util.net.SocketProcessorBase.run(SocketProcessorBase.java:52)
		at org.apache.tomcat.util.threads.ThreadPoolExecutor.runWorker(ThreadPoolExecutor.java:1191)
		at org.apache.tomcat.util.threads.ThreadPoolExecutor$Worker.run(ThreadPoolExecutor.java:659)
		at org.apache.tomcat.util.threads.TaskThread$WrappingRunnable.run(TaskThread.java:61)
		at java.base/java.lang.Thread.run(Thread.java:1623)
12-Aug-2023 22:18:20.814 SEVERE [http-nio-8080-exec-3] org.apache.catalina.core.StandardWrapperValve.invoke Servlet.service() for servlet [jsp] in context with path [/WebApplication1] threw exception [org.apache.jasper.JasperException: Unable to compile class for JSP] with root cause
	java.lang.IllegalArgumentException: Page directive: invalid value for import
		at org.apache.jasper.compiler.Node$PageDirective.validateImport(Node.java:618)
		at org.apache.jasper.compiler.Node$PageDirective.addImport(Node.java:598)
		at org.apache.jasper.compiler.Parser.parsePageDirective(Parser.java:364)
		at org.apache.jasper.compiler.Parser.parseDirective(Parser.java:476)
		at org.apache.jasper.compiler.Parser.parseFileDirectives(Parser.java:1796)
		at org.apache.jasper.compiler.Parser.parse(Parser.java:135)
		at org.apache.jasper.compiler.ParserController.doParse(ParserController.java:245)
		at org.apache.jasper.compiler.ParserController.parseDirectives(ParserController.java:128)
		at org.apache.jasper.compiler.Compiler.generateJava(Compiler.java:207)
		at org.apache.jasper.compiler.Compiler.compile(Compiler.java:396)
		at org.apache.jasper.compiler.Compiler.compile(Compiler.java:372)
		at org.apache.jasper.compiler.Compiler.compile(Compiler.java:356)
		at org.apache.jasper.JspCompilationContext.compile(JspCompilationContext.java:603)
		at org.apache.jasper.servlet.JspServletWrapper.service(JspServletWrapper.java:396)
		at org.apache.jasper.servlet.JspServlet.serviceJspFile(JspServlet.java:380)
		at org.apache.jasper.servlet.JspServlet.service(JspServlet.java:328)
		at jakarta.servlet.http.HttpServlet.service(HttpServlet.java:658)
		at org.apache.catalina.core.ApplicationFilterChain.internalDoFilter(ApplicationFilterChain.java:205)
		at org.apache.catalina.core.ApplicationFilterChain.doFilter(ApplicationFilterChain.java:149)
		at org.apache.tomcat.websocket.server.WsFilter.doFilter(WsFilter.java:51)
		at org.apache.catalina.core.ApplicationFilterChain.internalDoFilter(ApplicationFilterChain.java:174)
		at org.apache.catalina.core.ApplicationFilterChain.doFilter(ApplicationFilterChain.java:149)
		at org.apache.catalina.core.StandardWrapperValve.invoke(StandardWrapperValve.java:166)
		at org.apache.catalina.core.StandardContextValve.invoke(StandardContextValve.java:90)
		at org.apache.catalina.authenticator.AuthenticatorBase.invoke(AuthenticatorBase.java:482)
		at org.apache.catalina.core.StandardHostValve.invoke(StandardHostValve.java:115)
		at org.apache.catalina.valves.ErrorReportValve.invoke(ErrorReportValve.java:93)
		at org.apache.catalina.valves.AbstractAccessLogValve.invoke(AbstractAccessLogValve.java:676)
		at org.apache.catalina.core.StandardEngineValve.invoke(StandardEngineValve.java:74)
		at org.apache.catalina.connector.CoyoteAdapter.service(CoyoteAdapter.java:341)
		at org.apache.coyote.http11.Http11Processor.service(Http11Processor.java:391)
		at org.apache.coyote.AbstractProcessorLight.process(AbstractProcessorLight.java:63)
		at org.apache.coyote.AbstractProtocol$ConnectionHandler.process(AbstractProtocol.java:894)
		at org.apache.tomcat.util.net.NioEndpoint$SocketProcessor.doRun(NioEndpoint.java:1740)
		at org.apache.tomcat.util.net.SocketProcessorBase.run(SocketProcessorBase.java:52)
		at org.apache.tomcat.util.threads.ThreadPoolExecutor.runWorker(ThreadPoolExecutor.java:1191)
		at org.apache.tomcat.util.threads.ThreadPoolExecutor$Worker.run(ThreadPoolExecutor.java:659)
		at org.apache.tomcat.util.threads.TaskThread$WrappingRunnable.run(TaskThread.java:61)
		at java.base/java.lang.Thread.run(Thread.java:1623)
12-Aug-2023 22:46:32.021 SEVERE [http-nio-8080-exec-10] org.apache.catalina.core.StandardWrapperValve.invoke Servlet.service() for servlet [jsp] in context with path [/WebApplication1] threw exception [An exception occurred processing [/newjsp.jsp] at line [18]

15:         <h3>Hello World!</h3>
16:         <%  
17:            int  num1 =Integer.parseInt(request.getParameter("num1"));
18:            int num2 = Integer.parseInt(request.getParameter("num2"));
19:         %>
20:         <%=num1+num2%>
21:         <%@page import = "java.util.Scanner"%>


Stacktrace:] with root cause
	java.lang.NumberFormatException: For input string: "9.6"
		at java.base/java.lang.NumberFormatException.forInputString(NumberFormatException.java:67)
		at java.base/java.lang.Integer.parseInt(Integer.java:665)
		at java.base/java.lang.Integer.parseInt(Integer.java:781)
		at org.apache.jsp.newjsp_jsp._jspService(newjsp_jsp.java:137)
		at org.apache.jasper.runtime.HttpJspBase.service(HttpJspBase.java:70)
		at jakarta.servlet.http.HttpServlet.service(HttpServlet.java:658)
		at org.apache.jasper.servlet.JspServletWrapper.service(JspServletWrapper.java:456)
		at org.apache.jasper.servlet.JspServlet.serviceJspFile(JspServlet.java:380)
		at org.apache.jasper.servlet.JspServlet.service(JspServlet.java:328)
		at jakarta.servlet.http.HttpServlet.service(HttpServlet.java:658)
		at org.apache.catalina.core.ApplicationFilterChain.internalDoFilter(ApplicationFilterChain.java:205)
		at org.apache.catalina.core.ApplicationFilterChain.doFilter(ApplicationFilterChain.java:149)
		at org.apache.tomcat.websocket.server.WsFilter.doFilter(WsFilter.java:51)
		at org.apache.catalina.core.ApplicationFilterChain.internalDoFilter(ApplicationFilterChain.java:174)
		at org.apache.catalina.core.ApplicationFilterChain.doFilter(ApplicationFilterChain.java:149)
		at org.apache.catalina.core.StandardWrapperValve.invoke(StandardWrapperValve.java:166)
		at org.apache.catalina.core.StandardContextValve.invoke(StandardContextValve.java:90)
		at org.apache.catalina.authenticator.AuthenticatorBase.invoke(AuthenticatorBase.java:482)
		at org.apache.catalina.core.StandardHostValve.invoke(StandardHostValve.java:115)
		at org.apache.catalina.valves.ErrorReportValve.invoke(ErrorReportValve.java:93)
		at org.apache.catalina.valves.AbstractAccessLogValve.invoke(AbstractAccessLogValve.java:676)
		at org.apache.catalina.core.StandardEngineValve.invoke(StandardEngineValve.java:74)
		at org.apache.catalina.connector.CoyoteAdapter.service(CoyoteAdapter.java:341)
		at org.apache.coyote.http11.Http11Processor.service(Http11Processor.java:391)
		at org.apache.coyote.AbstractProcessorLight.process(AbstractProcessorLight.java:63)
		at org.apache.coyote.AbstractProtocol$ConnectionHandler.process(AbstractProtocol.java:894)
		at org.apache.tomcat.util.net.NioEndpoint$SocketProcessor.doRun(NioEndpoint.java:1740)
		at org.apache.tomcat.util.net.SocketProcessorBase.run(SocketProcessorBase.java:52)
		at org.apache.tomcat.util.threads.ThreadPoolExecutor.runWorker(ThreadPoolExecutor.java:1191)
		at org.apache.tomcat.util.threads.ThreadPoolExecutor$Worker.run(ThreadPoolExecutor.java:659)
		at org.apache.tomcat.util.threads.TaskThread$WrappingRunnable.run(TaskThread.java:61)
		at java.base/java.lang.Thread.run(Thread.java:1623)
12-Aug-2023 22:46:35.438 SEVERE [http-nio-8080-exec-9] org.apache.catalina.core.StandardWrapperValve.invoke Servlet.service() for servlet [jsp] in context with path [/WebApplication1] threw exception [An exception occurred processing [/newjsp.jsp] at line [18]

15:         <h3>Hello World!</h3>
16:         <%  
17:            int  num1 =Integer.parseInt(request.getParameter("num1"));
18:            int num2 = Integer.parseInt(request.getParameter("num2"));
19:         %>
20:         <%=num1+num2%>
21:         <%@page import = "java.util.Scanner"%>


Stacktrace:] with root cause
	java.lang.NumberFormatException: For input string: "9.6"
		at java.base/java.lang.NumberFormatException.forInputString(NumberFormatException.java:67)
		at java.base/java.lang.Integer.parseInt(Integer.java:665)
		at java.base/java.lang.Integer.parseInt(Integer.java:781)
		at org.apache.jsp.newjsp_jsp._jspService(newjsp_jsp.java:137)
		at org.apache.jasper.runtime.HttpJspBase.service(HttpJspBase.java:70)
		at jakarta.servlet.http.HttpServlet.service(HttpServlet.java:658)
		at org.apache.jasper.servlet.JspServletWrapper.service(JspServletWrapper.java:456)
		at org.apache.jasper.servlet.JspServlet.serviceJspFile(JspServlet.java:380)
		at org.apache.jasper.servlet.JspServlet.service(JspServlet.java:328)
		at jakarta.servlet.http.HttpServlet.service(HttpServlet.java:658)
		at org.apache.catalina.core.ApplicationFilterChain.internalDoFilter(ApplicationFilterChain.java:205)
		at org.apache.catalina.core.ApplicationFilterChain.doFilter(ApplicationFilterChain.java:149)
		at org.apache.tomcat.websocket.server.WsFilter.doFilter(WsFilter.java:51)
		at org.apache.catalina.core.ApplicationFilterChain.internalDoFilter(ApplicationFilterChain.java:174)
		at org.apache.catalina.core.ApplicationFilterChain.doFilter(ApplicationFilterChain.java:149)
		at org.apache.catalina.core.StandardWrapperValve.invoke(StandardWrapperValve.java:166)
		at org.apache.catalina.core.StandardContextValve.invoke(StandardContextValve.java:90)
		at org.apache.catalina.authenticator.AuthenticatorBase.invoke(AuthenticatorBase.java:482)
		at org.apache.catalina.core.StandardHostValve.invoke(StandardHostValve.java:115)
		at org.apache.catalina.valves.ErrorReportValve.invoke(ErrorReportValve.java:93)
		at org.apache.catalina.valves.AbstractAccessLogValve.invoke(AbstractAccessLogValve.java:676)
		at org.apache.catalina.core.StandardEngineValve.invoke(StandardEngineValve.java:74)
		at org.apache.catalina.connector.CoyoteAdapter.service(CoyoteAdapter.java:341)
		at org.apache.coyote.http11.Http11Processor.service(Http11Processor.java:391)
		at org.apache.coyote.AbstractProcessorLight.process(AbstractProcessorLight.java:63)
		at org.apache.coyote.AbstractProtocol$ConnectionHandler.process(AbstractProtocol.java:894)
		at org.apache.tomcat.util.net.NioEndpoint$SocketProcessor.doRun(NioEndpoint.java:1740)
		at org.apache.tomcat.util.net.SocketProcessorBase.run(SocketProcessorBase.java:52)
		at org.apache.tomcat.util.threads.ThreadPoolExecutor.runWorker(ThreadPoolExecutor.java:1191)
		at org.apache.tomcat.util.threads.ThreadPoolExecutor$Worker.run(ThreadPoolExecutor.java:659)
		at org.apache.tomcat.util.threads.TaskThread$WrappingRunnable.run(TaskThread.java:61)
		at java.base/java.lang.Thread.run(Thread.java:1623)
12-Aug-2023 23:01:55.992 INFO [main] org.apache.catalina.core.ApplicationContext.log SessionListener: contextDestroyed()
12-Aug-2023 23:01:55.992 INFO [main] org.apache.catalina.core.ApplicationContext.log ContextListener: contextDestroyed()
